Copyright 1986-2019 Xilinx, Inc. All Rights Reserved.
---------------------------------------------------------------------------------------------------------------------------------------------
| Tool Version : Vivado v.2019.2 (lin64) Build 2708876 Wed Nov  6 21:39:14 MST 2019
| Date         : Thu Jun 18 12:05:29 2020
| Host         : saido-Lin running 64-bit Ubuntu 18.04.4 LTS
| Command      : report_utilization -file ULTRA96V2_dpu_xrt_top_1_0_utilization_synth.rpt -pb ULTRA96V2_dpu_xrt_top_1_0_utilization_synth.pb
| Design       : ULTRA96V2_dpu_xrt_top_1_0
| Device       : xczu3egsbva484-1
| Design State : Synthesized
---------------------------------------------------------------------------------------------------------------------------------------------

Utilization Design Information

Table of Contents
-----------------
1. CLB Logic
1.1 Summary of Registers by Type
2. BLOCKRAM
3. ARITHMETIC
4. I/O
5. CLOCK
6. ADVANCED
7. CONFIGURATION
8. Primitives
9. Black Boxes
10. Instantiated Netlists

1. CLB Logic
------------

+----------------------------+-------+-------+-----------+-------+
|          Site Type         |  Used | Fixed | Available | Util% |
+----------------------------+-------+-------+-----------+-------+
| CLB LUTs*                  | 42890 |     0 |     70560 | 60.79 |
|   LUT as Logic             | 39592 |     0 |     70560 | 56.11 |
|   LUT as Memory            |  3298 |     0 |     28800 | 11.45 |
|     LUT as Distributed RAM |  1658 |     0 |           |       |
|     LUT as Shift Register  |  1640 |     0 |           |       |
| CLB Registers              | 73625 |     0 |    141120 | 52.17 |
|   Register as Flip Flop    | 73625 |     0 |    141120 | 52.17 |
|   Register as Latch        |     0 |     0 |    141120 |  0.00 |
| CARRY8                     |  1578 |     0 |      8820 | 17.89 |
| F7 Muxes                   |  2089 |     0 |     35280 |  5.92 |
| F8 Muxes                   |    29 |     0 |     17640 |  0.16 |
| F9 Muxes                   |     0 |     0 |      8820 |  0.00 |
+----------------------------+-------+-------+-----------+-------+
* Warning! The Final LUT count, after physical optimizations and full implementation, is typically lower. Run opt_design after synthesis, if not already completed, for a more realistic count.


1.1 Summary of Registers by Type
--------------------------------

+-------+--------------+-------------+--------------+
| Total | Clock Enable | Synchronous | Asynchronous |
+-------+--------------+-------------+--------------+
| 0     |            _ |           - |            - |
| 0     |            _ |           - |          Set |
| 0     |            _ |           - |        Reset |
| 0     |            _ |         Set |            - |
| 0     |            _ |       Reset |            - |
| 0     |          Yes |           - |            - |
| 0     |          Yes |           - |          Set |
| 0     |          Yes |           - |        Reset |
| 645   |          Yes |         Set |            - |
| 72980 |          Yes |       Reset |            - |
+-------+--------------+-------------+--------------+


2. BLOCKRAM
-----------

+-------------------+------+-------+-----------+-------+
|     Site Type     | Used | Fixed | Available | Util% |
+-------------------+------+-------+-----------+-------+
| Block RAM Tile    |  167 |     0 |       216 | 77.31 |
|   RAMB36/FIFO*    |  152 |     0 |       216 | 70.37 |
|     RAMB36E2 only |  152 |       |           |       |
|   RAMB18          |   30 |     0 |       432 |  6.94 |
|     RAMB18E2 only |   30 |       |           |       |
+-------------------+------+-------+-----------+-------+
* Note: Each Block RAM Tile only has one FIFO logic available and therefore can accommodate only one FIFO36E2 or one FIFO18E2. However, if a FIFO18E2 occupies a Block RAM Tile, that tile can still accommodate a RAMB18E2


3. ARITHMETIC
-------------

+----------------+------+-------+-----------+-------+
|    Site Type   | Used | Fixed | Available | Util% |
+----------------+------+-------+-----------+-------+
| DSPs           |  326 |     0 |       360 | 90.56 |
|   DSP48E2 only |  326 |       |           |       |
+----------------+------+-------+-----------+-------+


4. I/O
------

+------------+------+-------+-----------+-------+
|  Site Type | Used | Fixed | Available | Util% |
+------------+------+-------+-----------+-------+
| Bonded IOB |    0 |     0 |        82 |  0.00 |
+------------+------+-------+-----------+-------+


5. CLOCK
--------

+----------------------+------+-------+-----------+-------+
|       Site Type      | Used | Fixed | Available | Util% |
+----------------------+------+-------+-----------+-------+
| GLOBAL CLOCK BUFFERs |    0 |     0 |       196 |  0.00 |
|   BUFGCE             |    0 |     0 |        88 |  0.00 |
|   BUFGCE_DIV         |    0 |     0 |        12 |  0.00 |
|   BUFG_PS            |    0 |     0 |        72 |  0.00 |
|   BUFGCTRL*          |    0 |     0 |        24 |  0.00 |
| PLL                  |    0 |     0 |         6 |  0.00 |
| MMCM                 |    0 |     0 |         3 |  0.00 |
+----------------------+------+-------+-----------+-------+
* Note: Each used BUFGCTRL counts as two GLOBAL CLOCK BUFFERs. This table does not include global clocking resources, only buffer cell usage. See the Clock Utilization Report (report_clock_utilization) for detailed accounting of global clocking resource availability.


6. ADVANCED
-----------

+-----------+------+-------+-----------+-------+
| Site Type | Used | Fixed | Available | Util% |
+-----------+------+-------+-----------+-------+
| PS8       |    0 |     0 |         1 |  0.00 |
| SYSMONE4  |    0 |     0 |         1 |  0.00 |
+-----------+------+-------+-----------+-------+


7. CONFIGURATION
----------------

+-------------+------+-------+-----------+-------+
|  Site Type  | Used | Fixed | Available | Util% |
+-------------+------+-------+-----------+-------+
| BSCANE2     |    0 |     0 |         4 |  0.00 |
| DNA_PORTE2  |    0 |     0 |         1 |  0.00 |
| EFUSE_USR   |    0 |     0 |         1 |  0.00 |
| FRAME_ECCE4 |    0 |     0 |         1 |  0.00 |
| ICAPE3      |    0 |     0 |         2 |  0.00 |
| MASTER_JTAG |    0 |     0 |         1 |  0.00 |
| STARTUPE3   |    0 |     0 |         1 |  0.00 |
+-------------+------+-------+-----------+-------+


8. Primitives
-------------

+----------+-------+---------------------+
| Ref Name |  Used | Functional Category |
+----------+-------+---------------------+
| FDRE     | 72980 |            Register |
| LUT6     | 17052 |                 CLB |
| LUT3     | 16327 |                 CLB |
| LUT4     |  8003 |                 CLB |
| LUT2     |  5436 |                 CLB |
| LUT5     |  4819 |                 CLB |
| SRL16E   |  3027 |                 CLB |
| MUXF7    |  2089 |                 CLB |
| RAMD32   |  1654 |                 CLB |
| CARRY8   |  1578 |                 CLB |
| LUT1     |   836 |                 CLB |
| RAMD64E  |   712 |                 CLB |
| FDSE     |   645 |            Register |
| DSP48E2  |   326 |          Arithmetic |
| RAMS32   |   236 |                 CLB |
| RAMB36E2 |   152 |           Block Ram |
| RAMB18E2 |    30 |           Block Ram |
| MUXF8    |    29 |                 CLB |
+----------+-------+---------------------+


9. Black Boxes
--------------

+----------+------+
| Ref Name | Used |
+----------+------+


10. Instantiated Netlists
-------------------------

+----------+------+
| Ref Name | Used |
+----------+------+


